<?xml version="1.0" encoding="UTF-8"?>
<!-- Generated by org.testng.reporters.JUnitReportReporter -->
<testsuite hostname="ITZMUM119-VQKDMMP" failures="0" tests="2" name="com.facebook.testcases.TC001_fb_logon" time="14.492" errors="0" timestamp="2023-09-09T00:49:04 IST" skipped="0">
  <testcase classname="com.facebook.testcases.TC001_fb_logon" name="verifyLogin" time="7.098"/>
  <testcase classname="com.facebook.testcases.TC001_fb_logon" name="verifyLogin" time="7.394"/>
</testsuite> <!-- com.facebook.testcases.TC001_fb_logon -->
